[debug] [2021-07-27T10:16:18.459Z] ----------------------------------------------------------------------
[debug] [2021-07-27T10:16:18.462Z] Command:       /usr/local/bin/node /usr/local/bin/firebase init
[debug] [2021-07-27T10:16:18.462Z] CLI Version:   9.16.0
[debug] [2021-07-27T10:16:18.462Z] Platform:      darwin
[debug] [2021-07-27T10:16:18.462Z] Node Version:  v14.17.0
[debug] [2021-07-27T10:16:18.464Z] Time:          Tue Jul 27 2021 12:16:18 GMT+0200 (South Africa Standard Time)
[debug] [2021-07-27T10:16:18.464Z] ----------------------------------------------------------------------
[debug] 
[debug] [2021-07-27T10:16:18.472Z] > command requires scopes: ["email","openid","https://www.googleapis.com/auth/cloudplatformprojects.readonly","https://www.googleapis.com/auth/firebase","https://www.googleapis.com/auth/cloud-platform"]
[debug] [2021-07-27T10:16:18.472Z] > authorizing via signed-in user (thabiso@makebetter.co.za)
[info] 
     ######## #### ########  ######## ########     ###     ######  ########
     ##        ##  ##     ## ##       ##     ##  ##   ##  ##       ##
     ######    ##  ########  ######   ########  #########  ######  ######
     ##        ##  ##    ##  ##       ##     ## ##     ##       ## ##
     ##       #### ##     ## ######## ########  ##     ##  ######  ########

You're about to initialize a Firebase project in this directory:

  /Users/user/Desktop/react-course/section17

[info] 
=== Project Setup
[info] 
[info] First, let's associate this project directory with a Firebase project.
[info] You can create multiple project aliases by running firebase use --add, 
[info] but for now we'll just set up a default project.
[info] 
[debug] [2021-07-27T10:16:34.028Z] >>> [apiv2][query] GET https://firebase.googleapis.com/v1beta1/projects pageSize=100
[debug] [2021-07-27T10:16:34.865Z] <<< [apiv2][status] GET https://firebase.googleapis.com/v1beta1/projects 200
[debug] [2021-07-27T10:16:34.866Z] <<< [apiv2][body] GET https://firebase.googleapis.com/v1beta1/projects [omitted]
[info] i  Using project food-app-839f8 (food-app) 
[info] 
=== Hosting Setup
[info] 
[info] Your public directory is the folder (relative to your project directory) that
[info] will contain Hosting assets to be uploaded with firebase deploy. If you
[info] have a build process for your assets, use your build's output directory.
[info] 
[info] ✔  Wrote build/404.html 
[debug] [2021-07-27T10:16:54.887Z] >>> [apiv2][query] GET https://www.gstatic.com/firebasejs/releases.json [none]
[debug] [2021-07-27T10:16:55.306Z] <<< [apiv2][status] GET https://www.gstatic.com/firebasejs/releases.json 200
[debug] [2021-07-27T10:16:55.306Z] <<< [apiv2][body] GET https://www.gstatic.com/firebasejs/releases.json {"current":{"version":"8.8.0","browserURL":"https://www.gstatic.com/firebasejs/8.8.0/firebase.js","packageURL":"https://www.gstatic.com/firebasejs/8.8.0/firebase.tgz"},"live":{"version":"8.8","browserURL":"https://www.gstatic.com/firebasejs/live/8.8/firebase.js","packageURL":"https://www.gstatic.com/firebasejs/live/8.8/firebase.tgz"},"components":{"analytics":"https://www.gstatic.com/firebasejs/8.8.0/firebase-analytics.js","app":"https://www.gstatic.com/firebasejs/8.8.0/firebase-app.js","app-check":"https://www.gstatic.com/firebasejs/8.8.0/firebase-app-check.js","auth":"https://www.gstatic.com/firebasejs/8.8.0/firebase-auth.js","database":"https://www.gstatic.com/firebasejs/8.8.0/firebase-database.js","firestore":"https://www.gstatic.com/firebasejs/8.8.0/firebase-firestore.js","functions":"https://www.gstatic.com/firebasejs/8.8.0/firebase-functions.js","installations":"https://www.gstatic.com/firebasejs/8.8.0/firebase-installations.js","messaging":"https://www.gstatic.com/firebasejs/8.8.0/firebase-messaging.js","storage":"https://www.gstatic.com/firebasejs/8.8.0/firebase-storage.js","performance":"https://www.gstatic.com/firebasejs/8.8.0/firebase-performance.js","remote-config":"https://www.gstatic.com/firebasejs/8.8.0/firebase-remote-config.js","firestore.memory":"https://www.gstatic.com/firebasejs/8.8.0/firebase-firestore.memory.js"}}
[info] ✔  Wrote build/index.html 
[info] 
[info] i  Didn't detect a .git folder. Assuming /Users/user/Desktop/react-course/section17 is the project root. 
[info] i  Authorizing with GitHub to upload your service account to a GitHub repository's secrets store. 
[info] 
[info] Visit this URL on this device to log in:
[info] https://github.com/login/oauth/authorize?client_id=89cf50f02ac6aaed3484&state=583898010&redirect_uri=http%3A%2F%2Flocalhost%3A9005&scope=read%3Auser%20repo%20public_repo
[info] 
[info] Waiting for authentication...
[debug] [2021-07-27T10:17:29.364Z] >>> HTTP REQUEST POST https://github.com/login/oauth/access_token  
 {"client_id":"89cf50f02ac6aaed3484","client_secret":"3330d14abc895d9a74d5f17cd7a00711fa2c5bf0","code":"ea6375cafa90a39df9ad","redirect_uri":"http://localhost:9005","state":"583898010"}
[debug] [2021-07-27T10:17:30.114Z] <<< HTTP RESPONSE 200 {"server":"GitHub.com","date":"Tue, 27 Jul 2021 10:17:29 GMT","content-type":"application/json; charset=utf-8","transfer-encoding":"chunked","vary":"X-PJAX, Accept-Encoding, Accept, X-Requested-With","permissions-policy":"interest-cohort=()","etag":"W/\"5a3690c315f9dbadb84835a0df49cdf8\"","cache-control":"max-age=0, private, must-revalidate","strict-transport-security":"max-age=31536000; includeSubdomains; preload","x-frame-options":"deny","x-content-type-options":"nosniff","x-xss-protection":"0","referrer-policy":"origin-when-cross-origin, strict-origin-when-cross-origin","expect-ct":"max-age=2592000, report-uri=\"https://api.github.com/_private/browser/errors\"","content-security-policy":"default-src 'none'; base-uri 'self'; block-all-mixed-content; connect-src 'self' uploads.github.com www.githubstatus.com collector.githubapp.com api.github.com github-cloud.s3.amazonaws.com github-production-repository-file-5c1aeb.s3.amazonaws.com github-production-upload-manifest-file-7fdce7.s3.amazonaws.com github-production-user-asset-6210df.s3.amazonaws.com cdn.optimizely.com logx.optimizely.com/v1/events translator.github.com wss://alive.github.com; font-src github.githubassets.com; form-action 'self' github.com gist.github.com; frame-ancestors 'none'; frame-src render.githubusercontent.com render-temp.githubusercontent.com viewscreen.githubusercontent.com; img-src 'self' data: github.githubassets.com identicons.github.com collector.githubapp.com github-cloud.s3.amazonaws.com secured-user-images.githubusercontent.com/ *.githubusercontent.com; manifest-src 'self'; media-src 'none'; script-src github.githubassets.com; style-src 'unsafe-inline' github.githubassets.com; worker-src github.com/socket-worker-3f088aa2.js gist.github.com/socket-worker-3f088aa2.js","x-github-request-id":"37F8:1298:32C7F5:37125C:60FFDD39"}
[debug] [2021-07-27T10:17:30.119Z] >>> [apiv2][query] GET https://api.github.com/user [none]
[debug] [2021-07-27T10:17:30.950Z] <<< [apiv2][status] GET https://api.github.com/user 200
[debug] [2021-07-27T10:17:30.950Z] <<< [apiv2][body] GET https://api.github.com/user {"login":"Skhulu95","id":61458849,"node_id":"MDQ6VXNlcjYxNDU4ODQ5","avatar_url":"https://avatars.githubusercontent.com/u/61458849?v=4","gravatar_id":"","url":"https://api.github.com/users/Skhulu95","html_url":"https://github.com/Skhulu95","followers_url":"https://api.github.com/users/Skhulu95/followers","following_url":"https://api.github.com/users/Skhulu95/following{/other_user}","gists_url":"https://api.github.com/users/Skhulu95/gists{/gist_id}","starred_url":"https://api.github.com/users/Skhulu95/starred{/owner}{/repo}","subscriptions_url":"https://api.github.com/users/Skhulu95/subscriptions","organizations_url":"https://api.github.com/users/Skhulu95/orgs","repos_url":"https://api.github.com/users/Skhulu95/repos","events_url":"https://api.github.com/users/Skhulu95/events{/privacy}","received_events_url":"https://api.github.com/users/Skhulu95/received_events","type":"User","site_admin":false,"name":"Thabiso Klip","company":null,"blog":"skhulu95.github.io","location":null,"email":"thebzklip0@gmail.com","hireable":null,"bio":null,"twitter_username":null,"public_repos":27,"public_gists":0,"followers":1,"following":0,"created_at":"2020-02-25T11:22:25Z","updated_at":"2021-07-27T10:17:28Z","private_gists":0,"total_private_repos":3,"owned_private_repos":3,"disk_usage":172447,"collaborators":0,"two_factor_authentication":false,"plan":{"name":"free","space":976562499,"collaborators":0,"private_repos":10000}}
[info] 
[info] ✔  Success! Logged into GitHub as Skhulu95 
[info] 
[debug] [2021-07-27T10:17:59.273Z] >>> [apiv2][query] GET https://api.github.com/repos//actions/secrets/public-key type=owner
[debug] [2021-07-27T10:18:00.040Z] <<< [apiv2][status] GET https://api.github.com/repos//actions/secrets/public-key 404
[debug] [2021-07-27T10:18:00.041Z] <<< [apiv2][body] GET https://api.github.com/repos//actions/secrets/public-key {"message":"Not Found","documentation_url":"https://docs.github.com/rest"}
[debug] [2021-07-27T10:18:01.734Z] >>> [apiv2][query] GET https://api.github.com/repos//actions/secrets/public-key type=owner
[debug] [2021-07-27T10:18:02.488Z] <<< [apiv2][status] GET https://api.github.com/repos//actions/secrets/public-key 404
[debug] [2021-07-27T10:18:02.488Z] <<< [apiv2][body] GET https://api.github.com/repos//actions/secrets/public-key {"message":"Not Found","documentation_url":"https://docs.github.com/rest"}
[debug] [2021-07-27T10:33:34.586Z] >>> [apiv2][query] GET https://api.github.com/repos//actions/secrets/public-key type=owner
[debug] [2021-07-27T10:33:35.815Z] <<< [apiv2][status] GET https://api.github.com/repos//actions/secrets/public-key 404
[debug] [2021-07-27T10:33:35.815Z] <<< [apiv2][body] GET https://api.github.com/repos//actions/secrets/public-key {"message":"Not Found","documentation_url":"https://docs.github.com/rest"}
[debug] [2021-07-27T10:33:39.876Z] >>> [apiv2][query] GET https://api.github.com/repos//actions/secrets/public-key type=owner
[debug] [2021-07-27T10:33:40.708Z] <<< [apiv2][status] GET https://api.github.com/repos//actions/secrets/public-key 404
[debug] [2021-07-27T10:33:40.709Z] <<< [apiv2][body] GET https://api.github.com/repos//actions/secrets/public-key {"message":"Not Found","documentation_url":"https://docs.github.com/rest"}
[debug] [2021-07-27T10:33:50.022Z] >>> [apiv2][query] GET https://api.github.com/repos/food-app/actions/secrets/public-key type=owner
[debug] [2021-07-27T10:33:50.858Z] <<< [apiv2][status] GET https://api.github.com/repos/food-app/actions/secrets/public-key 404
[debug] [2021-07-27T10:33:50.858Z] <<< [apiv2][body] GET https://api.github.com/repos/food-app/actions/secrets/public-key {"message":"Not Found","documentation_url":"https://docs.github.com/rest"}
[debug] [2021-07-27T10:34:11.386Z] >>> [apiv2][query] GET https://api.github.com/repos/repository/actions/secrets/public-key type=owner
[debug] [2021-07-27T10:34:12.165Z] <<< [apiv2][status] GET https://api.github.com/repos/repository/actions/secrets/public-key 404
[debug] [2021-07-27T10:34:12.165Z] <<< [apiv2][body] GET https://api.github.com/repos/repository/actions/secrets/public-key {"message":"Not Found","documentation_url":"https://docs.github.com/rest"}
[debug] [2021-07-27T10:34:14.372Z] >>> [apiv2][query] GET https://api.github.com/repos//actions/secrets/public-key type=owner
[debug] [2021-07-27T10:34:15.123Z] <<< [apiv2][status] GET https://api.github.com/repos//actions/secrets/public-key 404
[debug] [2021-07-27T10:34:15.123Z] <<< [apiv2][body] GET https://api.github.com/repos//actions/secrets/public-key {"message":"Not Found","documentation_url":"https://docs.github.com/rest"}
